[08/24/2022 00:27:36] Debug: Session id: ddbbd12b-26e7-4b00-a6e4-641e074e201c
[08/24/2022 00:27:36] Debug: Code Processor information: Name :SnowConvert, Version: 7.11.102.0
[08/24/2022 00:27:37] Debug: Getting license
[08/24/2022 00:27:37] Debug: License information
	Status: Failed
	Message: No active license available.
[08/24/2022 00:27:37] Info: Starting to validate parameters
[08/24/2022 00:27:37] Info: Parameters to validate: 
	Execution mode: Conversion
	LICENSE_KEY: a3372138-b87e-4a08-b929-3b48b24c63f1
[08/24/2022 00:27:37] Info: Validation of parameters: Success
[08/24/2022 00:27:37] Debug: Getting code descriptor
[08/24/2022 00:27:37] Debug: Code descriptor information
	Units: 51
	Units type: LOC
	All file bytes: 2141
	All found extensions: .sql,.dml,.ddl,.bteq,.btq,.fl,.fload,.ml,.mload,.mld,.tp,.tpump,.tpt
[08/24/2022 00:27:37] Debug: Calculating fingerprint
[08/24/2022 00:27:37] Debug: Fingerprint information Fingerprint(size=2141,projects=1)
[08/24/2022 00:27:37] Info: Starting to try to validate online license for execution
[08/24/2022 00:27:39] Debug: Getting license
[08/24/2022 00:27:39] Debug: License information
	Status: Failed
	Message: No active license available.
[08/24/2022 00:27:39] Debug: Starting the execution of the controller
[08/24/2022 00:27:40] Debug: Executing the worker: SnowConvert
[08/24/2022 00:27:52] Debug: Finished executing the worker: SnowConvert
[08/24/2022 00:27:54] Info: Controller execution ended
